<?xml version="1.0" encoding="UTF-8"?>
<testng-results ignored="0" total="2" passed="2" failed="0" skipped="0">
  <reporter-output>
  </reporter-output>
  <suite started-at="2023-04-26T23:01:31 IST" name="Surefire suite" finished-at="2023-04-26T23:01:44 IST" duration-ms="13600">
    <groups>
    </groups>
    <test started-at="2023-04-26T23:01:31 IST" name="Surefire test" finished-at="2023-04-26T23:01:44 IST" duration-ms="13600">
      <class name="TestPackage1.Test1">
        <test-method signature="tc1()[pri:0, instance:TestPackage1.Test1@4c15e7fd]" started-at="2023-04-26T23:01:31 IST" name="tc1" finished-at="2023-04-26T23:01:39 IST" duration-ms="8239" status="PASS">
          <reporter-output>
          </reporter-output>
        </test-method> <!-- tc1 -->
      </class> <!-- TestPackage1.Test1 -->
      <class name="TestPackage1.Test2">
        <test-method signature="tc1()[pri:0, instance:TestPackage1.Test2@7f1302d6]" started-at="2023-04-26T23:01:39 IST" name="tc1" finished-at="2023-04-26T23:01:44 IST" duration-ms="5286" status="PASS">
          <reporter-output>
          </reporter-output>
        </test-method> <!-- tc1 -->
      </class> <!-- TestPackage1.Test2 -->
    </test> <!-- Surefire test -->
  </suite> <!-- Surefire suite -->
</testng-results>
