<?xml version="1.0" encoding="UTF-8"?>
<testng-results ignored="0" total="1" passed="1" failed="0" skipped="0">
  <reporter-output>
  </reporter-output>
  <suite started-at="2023-04-26T22:54:57 IST" name="Default suite" finished-at="2023-04-26T22:55:05 IST" duration-ms="7933">
    <groups>
    </groups>
    <test started-at="2023-04-26T22:54:57 IST" name="Default test" finished-at="2023-04-26T22:55:05 IST" duration-ms="7933">
      <class name="TestPackage1.Test1">
        <test-method signature="tc1()[pri:0, instance:TestPackage1.Test1@306e95ec]" started-at="2023-04-26T22:54:57 IST" name="tc1" finished-at="2023-04-26T22:55:05 IST" duration-ms="7892" status="PASS">
          <reporter-output>
          </reporter-output>
        </test-method> <!-- tc1 -->
      </class> <!-- TestPackage1.Test1 -->
    </test> <!-- Default test -->
  </suite> <!-- Default suite -->
</testng-results>
